{"/app/app.js": {"path":"/app/app.js","statementMap":{"0":{"start":{"line":1,"column":16},"end":{"line":1,"column":34}},"1":{"start":{"line":2,"column":12},"end":{"line":2,"column":21}},"2":{"start":{"line":3,"column":13},"end":{"line":3,"column":17}},"3":{"start":{"line":4,"column":21},"end":{"line":4,"column":45}},"4":{"start":{"line":5,"column":13},"end":{"line":5,"column":31}},"5":{"start":{"line":6,"column":13},"end":{"line":6,"column":28}},"6":{"start":{"line":9,"column":25},"end":{"line":9,"column":65}},"7":{"start":{"line":10,"column":17},"end":{"line":10,"column":49}},"8":{"start":{"line":11,"column":20},"end":{"line":11,"column":55}},"9":{"start":{"line":12,"column":24},"end":{"line":12,"column":63}},"10":{"start":{"line":13,"column":26},"end":{"line":13,"column":67}},"11":{"start":{"line":14,"column":27},"end":{"line":14,"column":69}},"12":{"start":{"line":15,"column":26},"end":{"line":15,"column":67}},"13":{"start":{"line":16,"column":24},"end":{"line":16,"column":63}},"14":{"start":{"line":17,"column":25},"end":{"line":17,"column":65}},"15":{"start":{"line":18,"column":28},"end":{"line":18,"column":71}},"16":{"start":{"line":19,"column":25},"end":{"line":19,"column":71}},"17":{"start":{"line":20,"column":29},"end":{"line":20,"column":73}},"18":{"start":{"line":21,"column":21},"end":{"line":21,"column":57}},"19":{"start":{"line":27,"column":0},"end":{"line":27,"column":24}},"20":{"start":{"line":30,"column":0},"end":{"line":35,"column":4}},"21":{"start":{"line":38,"column":0},"end":{"line":38,"column":24}},"22":{"start":{"line":41,"column":0},"end":{"line":41,"column":48}},"23":{"start":{"line":44,"column":0},"end":{"line":44,"column":32}},"24":{"start":{"line":47,"column":0},"end":{"line":47,"column":38}},"25":{"start":{"line":50,"column":0},"end":{"line":50,"column":46}},"26":{"start":{"line":53,"column":0},"end":{"line":53,"column":50}},"27":{"start":{"line":56,"column":0},"end":{"line":56,"column":52}},"28":{"start":{"line":59,"column":0},"end":{"line":59,"column":50}},"29":{"start":{"line":62,"column":0},"end":{"line":62,"column":46}},"30":{"start":{"line":65,"column":0},"end":{"line":65,"column":48}},"31":{"start":{"line":68,"column":0},"end":{"line":68,"column":54}},"32":{"start":{"line":71,"column":0},"end":{"line":71,"column":48}},"33":{"start":{"line":74,"column":0},"end":{"line":74,"column":56}},"34":{"start":{"line":77,"column":0},"end":{"line":77,"column":40}},"35":{"start":{"line":80,"column":0},"end":{"line":86,"column":4}},"36":{"start":{"line":84,"column":4},"end":{"line":84,"column":103}},"37":{"start":{"line":89,"column":0},"end":{"line":89,"column":65}},"38":{"start":{"line":92,"column":0},"end":{"line":92,"column":55}},"39":{"start":{"line":92,"column":27},"end":{"line":92,"column":53}},"40":{"start":{"line":94,"column":0},"end":{"line":94,"column":21}}},"fnMap":{"0":{"name":"(anonymous_0)","decl":{"start":{"line":83,"column":14},"end":{"line":83,"column":15}},"loc":{"start":{"line":83,"column":29},"end":{"line":85,"column":3}},"line":83},"1":{"name":"(anonymous_1)","decl":{"start":{"line":92,"column":13},"end":{"line":92,"column":14}},"loc":{"start":{"line":92,"column":27},"end":{"line":92,"column":53}},"line":92}},"branchMap":{},"s":{"0":12,"1":12,"2":12,"3":12,"4":12,"5":12,"6":12,"7":12,"8":12,"9":12,"10":12,"11":12,"12":12,"13":12,"14":12,"15":12,"16":12,"17":12,"18":12,"19":12,"20":12,"21":12,"22":12,"23":12,"24":12,"25":12,"26":12,"27":12,"28":12,"29":12,"30":12,"31":12,"32":12,"33":12,"34":12,"35":12,"36":0,"37":12,"38":12,"39":1,"40":12},"f":{"0":0,"1":1},"b":{},"_coverageSchema":"1a1c01bbd47fc00a2c39e90264f33305004495a9","hash":"2497a35ae2204ac9adaeb0f6a378586f18edbc42"}
,"/app/db/db.js": {"path":"/app/db/db.js","statementMap":{"0":{"start":{"line":15,"column":17},"end":{"line":15,"column":30}},"1":{"start":{"line":16,"column":0},"end":{"line":16,"column":27}},"2":{"start":{"line":18,"column":19},"end":{"line":26,"column":1}},"3":{"start":{"line":28,"column":13},"end":{"line":28,"column":33}},"4":{"start":{"line":33,"column":2},"end":{"line":61,"column":3}},"5":{"start":{"line":33,"column":15},"end":{"line":33,"column":16}},"6":{"start":{"line":35,"column":4},"end":{"line":59,"column":5}},"7":{"start":{"line":38,"column":8},"end":{"line":38,"column":37}},"8":{"start":{"line":39,"column":8},"end":{"line":39,"column":50}},"9":{"start":{"line":40,"column":8},"end":{"line":40,"column":15}},"10":{"start":{"line":46,"column":8},"end":{"line":55,"column":9}},"11":{"start":{"line":48,"column":12},"end":{"line":48,"column":78}},"12":{"start":{"line":53,"column":12},"end":{"line":53,"column":83}},"13":{"start":{"line":57,"column":8},"end":{"line":57,"column":56}},"14":{"start":{"line":57,"column":33},"end":{"line":57,"column":54}},"15":{"start":{"line":64,"column":2},"end":{"line":64,"column":57}},"16":{"start":{"line":69,"column":14},"end":{"line":69,"column":32}},"17":{"start":{"line":71,"column":0},"end":{"line":77,"column":2}},"18":{"start":{"line":73,"column":4},"end":{"line":73,"column":16}},"19":{"start":{"line":74,"column":4},"end":{"line":74,"column":31}}},"fnMap":{"0":{"name":"connectWithRetry","decl":{"start":{"line":31,"column":15},"end":{"line":31,"column":31}},"loc":{"start":{"line":31,"column":46},"end":{"line":66,"column":1}},"line":31},"1":{"name":"(anonymous_1)","decl":{"start":{"line":57,"column":26},"end":{"line":57,"column":27}},"loc":{"start":{"line":57,"column":33},"end":{"line":57,"column":54}},"line":57},"2":{"name":"(anonymous_2)","decl":{"start":{"line":72,"column":9},"end":{"line":72,"column":10}},"loc":{"start":{"line":72,"column":28},"end":{"line":75,"column":3}},"line":72}},"branchMap":{"0":{"loc":{"start":{"line":31,"column":32},"end":{"line":31,"column":44}},"type":"default-arg","locations":[{"start":{"line":31,"column":42},"end":{"line":31,"column":44}}],"line":31},"1":{"loc":{"start":{"line":46,"column":8},"end":{"line":55,"column":9}},"type":"if","locations":[{"start":{"line":46,"column":8},"end":{"line":55,"column":9}},{"start":{"line":50,"column":15},"end":{"line":55,"column":9}}],"line":46}},"s":{"0":12,"1":12,"2":12,"3":12,"4":12,"5":12,"6":12,"7":12,"8":11,"9":11,"10":0,"11":0,"12":0,"13":0,"14":0,"15":0,"16":12,"17":12,"18":132,"19":132},"f":{"0":12,"1":0,"2":132},"b":{"0":[12],"1":[0,0]},"_coverageSchema":"1a1c01bbd47fc00a2c39e90264f33305004495a9","hash":"4cf50278facff2fe334425d2ffde1bc51e2aff91"}
,"/app/middleware/verificaRuolo.js": {"path":"/app/middleware/verificaRuolo.js","statementMap":{"0":{"start":{"line":3,"column":2},"end":{"line":17,"column":4}},"1":{"start":{"line":5,"column":4},"end":{"line":13,"column":5}},"2":{"start":{"line":7,"column":6},"end":{"line":11,"column":7}},"3":{"start":{"line":15,"column":4},"end":{"line":15,"column":11}},"4":{"start":{"line":21,"column":0},"end":{"line":21,"column":31}}},"fnMap":{"0":{"name":"verificaRuolo","decl":{"start":{"line":1,"column":9},"end":{"line":1,"column":22}},"loc":{"start":{"line":1,"column":39},"end":{"line":19,"column":1}},"line":1},"1":{"name":"(anonymous_1)","decl":{"start":{"line":3,"column":9},"end":{"line":3,"column":10}},"loc":{"start":{"line":3,"column":29},"end":{"line":17,"column":3}},"line":3}},"branchMap":{"0":{"loc":{"start":{"line":5,"column":4},"end":{"line":13,"column":5}},"type":"if","locations":[{"start":{"line":5,"column":4},"end":{"line":13,"column":5}},{"start":{},"end":{}}],"line":5},"1":{"loc":{"start":{"line":5,"column":8},"end":{"line":5,"column":58}},"type":"binary-expr","locations":[{"start":{"line":5,"column":8},"end":{"line":5,"column":19}},{"start":{"line":5,"column":23},"end":{"line":5,"column":58}}],"line":5}},"s":{"0":84,"1":12,"2":0,"3":12,"4":12},"f":{"0":84,"1":12},"b":{"0":[0,12],"1":[12,12]},"_coverageSchema":"1a1c01bbd47fc00a2c39e90264f33305004495a9","hash":"d910f6e47c458cd987948c5053939e349c08aeda"}
,"/app/middleware/verificaToken.js": {"path":"/app/middleware/verificaToken.js","statementMap":{"0":{"start":{"line":1,"column":12},"end":{"line":1,"column":35}},"1":{"start":{"line":2,"column":19},"end":{"line":2,"column":41}},"2":{"start":{"line":7,"column":16},"end":{"line":7,"column":33}},"3":{"start":{"line":14,"column":2},"end":{"line":22,"column":3}},"4":{"start":{"line":16,"column":4},"end":{"line":20,"column":7}},"5":{"start":{"line":24,"column":2},"end":{"line":39,"column":3}},"6":{"start":{"line":26,"column":20},"end":{"line":26,"column":49}},"7":{"start":{"line":27,"column":4},"end":{"line":27,"column":25}},"8":{"start":{"line":29,"column":4},"end":{"line":29,"column":11}},"9":{"start":{"line":33,"column":4},"end":{"line":37,"column":9}},"10":{"start":{"line":42,"column":0},"end":{"line":42,"column":31}}},"fnMap":{"0":{"name":"verificaToken","decl":{"start":{"line":4,"column":9},"end":{"line":4,"column":22}},"loc":{"start":{"line":4,"column":39},"end":{"line":40,"column":1}},"line":4}},"branchMap":{"0":{"loc":{"start":{"line":14,"column":2},"end":{"line":22,"column":3}},"type":"if","locations":[{"start":{"line":14,"column":2},"end":{"line":22,"column":3}},{"start":{},"end":{}}],"line":14}},"s":{"0":12,"1":12,"2":24,"3":24,"4":0,"5":24,"6":24,"7":24,"8":24,"9":0,"10":12},"f":{"0":24},"b":{"0":[0,24]},"_coverageSchema":"1a1c01bbd47fc00a2c39e90264f33305004495a9","hash":"9fe6471e0cbd0e6e4d9c7d6ad048686320e3263c"}
,"/app/routes/api/confermaOrdine.js": {"path":"/app/routes/api/confermaOrdine.js","statementMap":{"0":{"start":{"line":1,"column":16},"end":{"line":1,"column":34}},"1":{"start":{"line":2,"column":15},"end":{"line":2,"column":31}},"2":{"start":{"line":3,"column":22},"end":{"line":3,"column":63}},"3":{"start":{"line":4,"column":22},"end":{"line":4,"column":63}},"4":{"start":{"line":5,"column":13},"end":{"line":5,"column":35}},"5":{"start":{"line":7,"column":0},"end":{"line":53,"column":3}},"6":{"start":{"line":9,"column":4},"end":{"line":50,"column":5}},"7":{"start":{"line":11,"column":64},"end":{"line":11,"column":72}},"8":{"start":{"line":13,"column":33},"end":{"line":13,"column":160}},"9":{"start":{"line":14,"column":25},"end":{"line":14,"column":55}},"10":{"start":{"line":16,"column":8},"end":{"line":30,"column":9}},"11":{"start":{"line":18,"column":12},"end":{"line":18,"column":389}},"12":{"start":{"line":19,"column":12},"end":{"line":19,"column":169}},"13":{"start":{"line":21,"column":43},"end":{"line":21,"column":150}},"14":{"start":{"line":23,"column":12},"end":{"line":28,"column":13}},"15":{"start":{"line":26,"column":16},"end":{"line":26,"column":111}},"16":{"start":{"line":32,"column":8},"end":{"line":37,"column":10}},"17":{"start":{"line":42,"column":8},"end":{"line":42,"column":65}},"18":{"start":{"line":43,"column":8},"end":{"line":48,"column":11}},"19":{"start":{"line":56,"column":0},"end":{"line":56,"column":24}}},"fnMap":{"0":{"name":"(anonymous_0)","decl":{"start":{"line":7,"column":58},"end":{"line":7,"column":59}},"loc":{"start":{"line":7,"column":78},"end":{"line":53,"column":1}},"line":7}},"branchMap":{"0":{"loc":{"start":{"line":23,"column":12},"end":{"line":28,"column":13}},"type":"if","locations":[{"start":{"line":23,"column":12},"end":{"line":28,"column":13}},{"start":{},"end":{}}],"line":23},"1":{"loc":{"start":{"line":23,"column":16},"end":{"line":23,"column":113}},"type":"binary-expr","locations":[{"start":{"line":23,"column":16},"end":{"line":23,"column":54}},{"start":{"line":23,"column":58},"end":{"line":23,"column":113}}],"line":23}},"s":{"0":12,"1":12,"2":12,"3":12,"4":12,"5":12,"6":3,"7":3,"8":3,"9":3,"10":3,"11":3,"12":3,"13":3,"14":3,"15":0,"16":3,"17":0,"18":0,"19":12},"f":{"0":3},"b":{"0":[0,3],"1":[3,3]},"_coverageSchema":"1a1c01bbd47fc00a2c39e90264f33305004495a9","hash":"b8cfc5decfff766d09619955a1138c9d82fd9655"}
,"/app/routes/api/creaProdotto.js": {"path":"/app/routes/api/creaProdotto.js","statementMap":{"0":{"start":{"line":1,"column":16},"end":{"line":1,"column":34}},"1":{"start":{"line":2,"column":15},"end":{"line":2,"column":31}},"2":{"start":{"line":3,"column":22},"end":{"line":3,"column":63}},"3":{"start":{"line":4,"column":22},"end":{"line":4,"column":63}},"4":{"start":{"line":5,"column":13},"end":{"line":5,"column":35}},"5":{"start":{"line":6,"column":15},"end":{"line":6,"column":32}},"6":{"start":{"line":7,"column":13},"end":{"line":7,"column":28}},"7":{"start":{"line":10,"column":16},"end":{"line":24,"column":2}},"8":{"start":{"line":14,"column":4},"end":{"line":14,"column":34}},"9":{"start":{"line":19,"column":21},"end":{"line":19,"column":57}},"10":{"start":{"line":20,"column":4},"end":{"line":20,"column":23}},"11":{"start":{"line":26,"column":15},"end":{"line":26,"column":34}},"12":{"start":{"line":29,"column":0},"end":{"line":57,"column":3}},"13":{"start":{"line":31,"column":2},"end":{"line":55,"column":3}},"14":{"start":{"line":33,"column":111},"end":{"line":33,"column":119}},"15":{"start":{"line":34,"column":25},"end":{"line":34,"column":42}},"16":{"start":{"line":36,"column":4},"end":{"line":36,"column":345}},"17":{"start":{"line":38,"column":4},"end":{"line":43,"column":7}},"18":{"start":{"line":47,"column":4},"end":{"line":47,"column":63}},"19":{"start":{"line":48,"column":4},"end":{"line":53,"column":7}},"20":{"start":{"line":60,"column":0},"end":{"line":60,"column":24}}},"fnMap":{"0":{"name":"(anonymous_0)","decl":{"start":{"line":12,"column":15},"end":{"line":12,"column":16}},"loc":{"start":{"line":12,"column":34},"end":{"line":16,"column":3}},"line":12},"1":{"name":"(anonymous_1)","decl":{"start":{"line":17,"column":12},"end":{"line":17,"column":13}},"loc":{"start":{"line":17,"column":31},"end":{"line":22,"column":3}},"line":17},"2":{"name":"(anonymous_2)","decl":{"start":{"line":29,"column":87},"end":{"line":29,"column":88}},"loc":{"start":{"line":29,"column":107},"end":{"line":57,"column":1}},"line":29}},"branchMap":{},"s":{"0":12,"1":12,"2":12,"3":12,"4":12,"5":12,"6":12,"7":12,"8":5,"9":5,"10":5,"11":12,"12":12,"13":5,"14":5,"15":5,"16":5,"17":5,"18":0,"19":0,"20":12},"f":{"0":5,"1":5,"2":5},"b":{},"_coverageSchema":"1a1c01bbd47fc00a2c39e90264f33305004495a9","hash":"43fbd932597ab1ace0292d9c15780237b84a6da3"}
,"/app/routes/api/elencoArtigiani.js": {"path":"/app/routes/api/elencoArtigiani.js","statementMap":{"0":{"start":{"line":1,"column":16},"end":{"line":1,"column":34}},"1":{"start":{"line":2,"column":15},"end":{"line":2,"column":31}},"2":{"start":{"line":3,"column":22},"end":{"line":3,"column":63}},"3":{"start":{"line":4,"column":22},"end":{"line":4,"column":63}},"4":{"start":{"line":5,"column":13},"end":{"line":5,"column":35}},"5":{"start":{"line":7,"column":0},"end":{"line":33,"column":2}},"6":{"start":{"line":9,"column":4},"end":{"line":31,"column":5}},"7":{"start":{"line":11,"column":32},"end":{"line":11,"column":130}},"8":{"start":{"line":13,"column":8},"end":{"line":19,"column":10}},"9":{"start":{"line":23,"column":8},"end":{"line":23,"column":75}},"10":{"start":{"line":24,"column":8},"end":{"line":29,"column":10}},"11":{"start":{"line":35,"column":0},"end":{"line":35,"column":24}}},"fnMap":{"0":{"name":"(anonymous_0)","decl":{"start":{"line":7,"column":57},"end":{"line":7,"column":58}},"loc":{"start":{"line":7,"column":76},"end":{"line":33,"column":1}},"line":7}},"branchMap":{},"s":{"0":12,"1":12,"2":12,"3":12,"4":12,"5":12,"6":1,"7":1,"8":1,"9":0,"10":0,"11":12},"f":{"0":1},"b":{},"_coverageSchema":"1a1c01bbd47fc00a2c39e90264f33305004495a9","hash":"88297a082338b494eeb7bc8ba0ce2af90c99b82d"}
,"/app/routes/api/elencoOrdini.js": {"path":"/app/routes/api/elencoOrdini.js","statementMap":{"0":{"start":{"line":1,"column":16},"end":{"line":1,"column":34}},"1":{"start":{"line":2,"column":15},"end":{"line":2,"column":31}},"2":{"start":{"line":3,"column":22},"end":{"line":3,"column":63}},"3":{"start":{"line":4,"column":22},"end":{"line":4,"column":63}},"4":{"start":{"line":5,"column":13},"end":{"line":5,"column":35}},"5":{"start":{"line":7,"column":0},"end":{"line":32,"column":3}},"6":{"start":{"line":9,"column":4},"end":{"line":30,"column":5}},"7":{"start":{"line":11,"column":23},"end":{"line":11,"column":125}},"8":{"start":{"line":13,"column":8},"end":{"line":18,"column":10}},"9":{"start":{"line":22,"column":8},"end":{"line":22,"column":76}},"10":{"start":{"line":23,"column":8},"end":{"line":28,"column":10}},"11":{"start":{"line":34,"column":0},"end":{"line":34,"column":24}}},"fnMap":{"0":{"name":"(anonymous_0)","decl":{"start":{"line":7,"column":59},"end":{"line":7,"column":60}},"loc":{"start":{"line":7,"column":78},"end":{"line":32,"column":1}},"line":7}},"branchMap":{},"s":{"0":12,"1":12,"2":12,"3":12,"4":12,"5":12,"6":1,"7":1,"8":1,"9":0,"10":0,"11":12},"f":{"0":1},"b":{},"_coverageSchema":"1a1c01bbd47fc00a2c39e90264f33305004495a9","hash":"9227d36af83005154db4132030e69acf8f78f6ca"}
,"/app/routes/api/elencoProdotti.js": {"path":"/app/routes/api/elencoProdotti.js","statementMap":{"0":{"start":{"line":1,"column":16},"end":{"line":1,"column":34}},"1":{"start":{"line":2,"column":15},"end":{"line":2,"column":31}},"2":{"start":{"line":3,"column":13},"end":{"line":3,"column":35}},"3":{"start":{"line":4,"column":22},"end":{"line":4,"column":63}},"4":{"start":{"line":6,"column":0},"end":{"line":141,"column":2}},"5":{"start":{"line":8,"column":24},"end":{"line":8,"column":44}},"6":{"start":{"line":10,"column":4},"end":{"line":139,"column":5}},"7":{"start":{"line":12,"column":8},"end":{"line":126,"column":9}},"8":{"start":{"line":16,"column":39},"end":{"line":16,"column":91}},"9":{"start":{"line":18,"column":16},"end":{"line":23,"column":18}},"10":{"start":{"line":25,"column":16},"end":{"line":25,"column":22}},"11":{"start":{"line":30,"column":32},"end":{"line":30,"column":48}},"12":{"start":{"line":32,"column":41},"end":{"line":32,"column":143}},"13":{"start":{"line":34,"column":16},"end":{"line":39,"column":18}},"14":{"start":{"line":41,"column":16},"end":{"line":41,"column":22}},"15":{"start":{"line":45,"column":86},"end":{"line":45,"column":94}},"16":{"start":{"line":47,"column":16},"end":{"line":47,"column":69}},"17":{"start":{"line":52,"column":16},"end":{"line":57,"column":17}},"18":{"start":{"line":54,"column":20},"end":{"line":54,"column":134}},"19":{"start":{"line":55,"column":20},"end":{"line":55,"column":69}},"20":{"start":{"line":59,"column":35},"end":{"line":59,"column":79}},"21":{"start":{"line":60,"column":29},"end":{"line":60,"column":31}},"22":{"start":{"line":61,"column":24},"end":{"line":61,"column":25}},"23":{"start":{"line":63,"column":16},"end":{"line":68,"column":17}},"24":{"start":{"line":65,"column":20},"end":{"line":65,"column":74}},"25":{"start":{"line":66,"column":20},"end":{"line":66,"column":46}},"26":{"start":{"line":70,"column":16},"end":{"line":75,"column":17}},"27":{"start":{"line":72,"column":20},"end":{"line":72,"column":63}},"28":{"start":{"line":73,"column":20},"end":{"line":73,"column":43}},"29":{"start":{"line":77,"column":16},"end":{"line":82,"column":17}},"30":{"start":{"line":79,"column":20},"end":{"line":79,"column":61}},"31":{"start":{"line":80,"column":20},"end":{"line":80,"column":48}},"32":{"start":{"line":84,"column":16},"end":{"line":89,"column":17}},"33":{"start":{"line":86,"column":20},"end":{"line":86,"column":65}},"34":{"start":{"line":87,"column":20},"end":{"line":87,"column":43}},"35":{"start":{"line":91,"column":16},"end":{"line":111,"column":17}},"36":{"start":{"line":93,"column":43},"end":{"line":93,"column":81}},"37":{"start":{"line":94,"column":20},"end":{"line":99,"column":22}},"38":{"start":{"line":103,"column":20},"end":{"line":103,"column":75}},"39":{"start":{"line":104,"column":20},"end":{"line":109,"column":23}},"40":{"start":{"line":113,"column":16},"end":{"line":113,"column":22}},"41":{"start":{"line":117,"column":42},"end":{"line":117,"column":135}},"42":{"start":{"line":119,"column":16},"end":{"line":124,"column":18}},"43":{"start":{"line":131,"column":8},"end":{"line":131,"column":27}},"44":{"start":{"line":132,"column":8},"end":{"line":137,"column":11}},"45":{"start":{"line":143,"column":0},"end":{"line":143,"column":24}}},"fnMap":{"0":{"name":"(anonymous_0)","decl":{"start":{"line":6,"column":32},"end":{"line":6,"column":33}},"loc":{"start":{"line":6,"column":51},"end":{"line":141,"column":1}},"line":6}},"branchMap":{"0":{"loc":{"start":{"line":12,"column":8},"end":{"line":126,"column":9}},"type":"switch","locations":[{"start":{"line":14,"column":12},"end":{"line":25,"column":22}},{"start":{"line":28,"column":12},"end":{"line":41,"column":22}},{"start":{"line":43,"column":12},"end":{"line":113,"column":22}},{"start":{"line":115,"column":12},"end":{"line":124,"column":18}}],"line":12},"1":{"loc":{"start":{"line":52,"column":16},"end":{"line":57,"column":17}},"type":"if","locations":[{"start":{"line":52,"column":16},"end":{"line":57,"column":17}},{"start":{},"end":{}}],"line":52},"2":{"loc":{"start":{"line":63,"column":16},"end":{"line":68,"column":17}},"type":"if","locations":[{"start":{"line":63,"column":16},"end":{"line":68,"column":17}},{"start":{},"end":{}}],"line":63},"3":{"loc":{"start":{"line":70,"column":16},"end":{"line":75,"column":17}},"type":"if","locations":[{"start":{"line":70,"column":16},"end":{"line":75,"column":17}},{"start":{},"end":{}}],"line":70},"4":{"loc":{"start":{"line":77,"column":16},"end":{"line":82,"column":17}},"type":"if","locations":[{"start":{"line":77,"column":16},"end":{"line":82,"column":17}},{"start":{},"end":{}}],"line":77},"5":{"loc":{"start":{"line":84,"column":16},"end":{"line":89,"column":17}},"type":"if","locations":[{"start":{"line":84,"column":16},"end":{"line":89,"column":17}},{"start":{},"end":{}}],"line":84}},"s":{"0":12,"1":12,"2":12,"3":12,"4":12,"5":4,"6":4,"7":4,"8":1,"9":1,"10":1,"11":1,"12":1,"13":1,"14":1,"15":1,"16":1,"17":1,"18":1,"19":1,"20":1,"21":1,"22":1,"23":1,"24":1,"25":1,"26":1,"27":1,"28":1,"29":1,"30":1,"31":1,"32":1,"33":1,"34":1,"35":1,"36":1,"37":1,"38":0,"39":0,"40":1,"41":1,"42":1,"43":0,"44":0,"45":12},"f":{"0":4},"b":{"0":[1,1,1,1],"1":[1,0],"2":[1,0],"3":[1,0],"4":[1,0],"5":[1,0]},"_coverageSchema":"1a1c01bbd47fc00a2c39e90264f33305004495a9","hash":"6336746b32b98df89951563e692685c1e8f745f7"}
,"/app/routes/api/infoAdmin.js": {"path":"/app/routes/api/infoAdmin.js","statementMap":{"0":{"start":{"line":1,"column":16},"end":{"line":1,"column":34}},"1":{"start":{"line":2,"column":15},"end":{"line":2,"column":31}},"2":{"start":{"line":3,"column":13},"end":{"line":3,"column":35}},"3":{"start":{"line":4,"column":22},"end":{"line":4,"column":63}},"4":{"start":{"line":5,"column":22},"end":{"line":5,"column":63}},"5":{"start":{"line":8,"column":0},"end":{"line":45,"column":2}},"6":{"start":{"line":10,"column":4},"end":{"line":43,"column":5}},"7":{"start":{"line":12,"column":29},"end":{"line":12,"column":79}},"8":{"start":{"line":13,"column":29},"end":{"line":13,"column":73}},"9":{"start":{"line":14,"column":35},"end":{"line":14,"column":85}},"10":{"start":{"line":16,"column":29},"end":{"line":16,"column":50}},"11":{"start":{"line":17,"column":29},"end":{"line":17,"column":50}},"12":{"start":{"line":18,"column":35},"end":{"line":18,"column":62}},"13":{"start":{"line":20,"column":8},"end":{"line":31,"column":10}},"14":{"start":{"line":35,"column":8},"end":{"line":35,"column":81}},"15":{"start":{"line":36,"column":8},"end":{"line":41,"column":10}},"16":{"start":{"line":48,"column":0},"end":{"line":48,"column":24}}},"fnMap":{"0":{"name":"(anonymous_0)","decl":{"start":{"line":8,"column":55},"end":{"line":8,"column":56}},"loc":{"start":{"line":8,"column":74},"end":{"line":45,"column":1}},"line":8}},"branchMap":{},"s":{"0":12,"1":12,"2":12,"3":12,"4":12,"5":12,"6":0,"7":0,"8":0,"9":0,"10":0,"11":0,"12":0,"13":0,"14":0,"15":0,"16":12},"f":{"0":0},"b":{},"_coverageSchema":"1a1c01bbd47fc00a2c39e90264f33305004495a9","hash":"cd388c72002bde9799747004d93968ab09584104"}
,"/app/routes/api/inviaSegnalazione.js": {"path":"/app/routes/api/inviaSegnalazione.js","statementMap":{"0":{"start":{"line":1,"column":16},"end":{"line":1,"column":34}},"1":{"start":{"line":2,"column":15},"end":{"line":2,"column":31}},"2":{"start":{"line":3,"column":13},"end":{"line":3,"column":35}},"3":{"start":{"line":4,"column":22},"end":{"line":4,"column":63}},"4":{"start":{"line":6,"column":0},"end":{"line":34,"column":2}},"5":{"start":{"line":8,"column":29},"end":{"line":8,"column":37}},"6":{"start":{"line":10,"column":4},"end":{"line":31,"column":5}},"7":{"start":{"line":12,"column":8},"end":{"line":12,"column":191}},"8":{"start":{"line":14,"column":8},"end":{"line":19,"column":10}},"9":{"start":{"line":23,"column":8},"end":{"line":23,"column":81}},"10":{"start":{"line":24,"column":8},"end":{"line":29,"column":10}},"11":{"start":{"line":37,"column":0},"end":{"line":37,"column":24}}},"fnMap":{"0":{"name":"(anonymous_0)","decl":{"start":{"line":6,"column":32},"end":{"line":6,"column":33}},"loc":{"start":{"line":6,"column":51},"end":{"line":34,"column":1}},"line":6}},"branchMap":{},"s":{"0":12,"1":12,"2":12,"3":12,"4":12,"5":0,"6":0,"7":0,"8":0,"9":0,"10":0,"11":12},"f":{"0":0},"b":{},"_coverageSchema":"1a1c01bbd47fc00a2c39e90264f33305004495a9","hash":"b8a488b8df015ff121145276b57e85a020d3ffbc"}
,"/app/routes/api/login.js": {"path":"/app/routes/api/login.js","statementMap":{"0":{"start":{"line":1,"column":16},"end":{"line":1,"column":34}},"1":{"start":{"line":2,"column":15},"end":{"line":2,"column":31}},"2":{"start":{"line":3,"column":15},"end":{"line":3,"column":32}},"3":{"start":{"line":4,"column":13},"end":{"line":4,"column":35}},"4":{"start":{"line":5,"column":12},"end":{"line":5,"column":35}},"5":{"start":{"line":6,"column":0},"end":{"line":6,"column":27}},"6":{"start":{"line":9,"column":19},"end":{"line":9,"column":41}},"7":{"start":{"line":11,"column":0},"end":{"line":85,"column":3}},"8":{"start":{"line":14,"column":33},"end":{"line":14,"column":41}},"9":{"start":{"line":16,"column":4},"end":{"line":83,"column":3}},"10":{"start":{"line":19,"column":25},"end":{"line":19,"column":108}},"11":{"start":{"line":22,"column":19},"end":{"line":22,"column":39}},"12":{"start":{"line":25,"column":4},"end":{"line":29,"column":5}},"13":{"start":{"line":27,"column":6},"end":{"line":27,"column":42}},"14":{"start":{"line":32,"column":4},"end":{"line":76,"column":5}},"15":{"start":{"line":35,"column":22},"end":{"line":45,"column":9}},"16":{"start":{"line":48,"column":8},"end":{"line":69,"column":19}},"17":{"start":{"line":74,"column":6},"end":{"line":74,"column":42}},"18":{"start":{"line":80,"column":4},"end":{"line":80,"column":23}},"19":{"start":{"line":81,"column":4},"end":{"line":81,"column":53}},"20":{"start":{"line":88,"column":0},"end":{"line":88,"column":24}}},"fnMap":{"0":{"name":"(anonymous_0)","decl":{"start":{"line":11,"column":17},"end":{"line":11,"column":18}},"loc":{"start":{"line":11,"column":36},"end":{"line":85,"column":1}},"line":11}},"branchMap":{"0":{"loc":{"start":{"line":25,"column":4},"end":{"line":29,"column":5}},"type":"if","locations":[{"start":{"line":25,"column":4},"end":{"line":29,"column":5}},{"start":{},"end":{}}],"line":25},"1":{"loc":{"start":{"line":32,"column":4},"end":{"line":76,"column":5}},"type":"if","locations":[{"start":{"line":32,"column":4},"end":{"line":76,"column":5}},{"start":{"line":71,"column":11},"end":{"line":76,"column":5}}],"line":32}},"s":{"0":12,"1":12,"2":12,"3":12,"4":12,"5":12,"6":12,"7":12,"8":15,"9":15,"10":15,"11":15,"12":15,"13":1,"14":14,"15":13,"16":13,"17":1,"18":0,"19":0,"20":12},"f":{"0":15},"b":{"0":[1,14],"1":[13,1]},"_coverageSchema":"1a1c01bbd47fc00a2c39e90264f33305004495a9","hash":"3fe0a91fe6f44009808dc551178fce7c5eb85207"}
,"/app/routes/api/modifica.js": {"path":"/app/routes/api/modifica.js","statementMap":{"0":{"start":{"line":1,"column":22},"end":{"line":1,"column":63}},"1":{"start":{"line":2,"column":16},"end":{"line":2,"column":34}},"2":{"start":{"line":3,"column":15},"end":{"line":3,"column":31}},"3":{"start":{"line":4,"column":13},"end":{"line":4,"column":35}},"4":{"start":{"line":5,"column":12},"end":{"line":5,"column":35}},"5":{"start":{"line":6,"column":15},"end":{"line":6,"column":32}},"6":{"start":{"line":7,"column":25},"end":{"line":7,"column":56}},"7":{"start":{"line":8,"column":31},"end":{"line":8,"column":62}},"8":{"start":{"line":10,"column":19},"end":{"line":10,"column":41}},"9":{"start":{"line":12,"column":0},"end":{"line":259,"column":3}},"10":{"start":{"line":16,"column":23},"end":{"line":16,"column":44}},"11":{"start":{"line":18,"column":2},"end":{"line":257,"column":5}},"12":{"start":{"line":20,"column":6},"end":{"line":249,"column":9}},"13":{"start":{"line":24,"column":79},"end":{"line":24,"column":87}},"14":{"start":{"line":27,"column":16},"end":{"line":43,"column":17}},"15":{"start":{"line":29,"column":20},"end":{"line":41,"column":23}},"16":{"start":{"line":45,"column":16},"end":{"line":45,"column":138}},"17":{"start":{"line":48,"column":30},"end":{"line":59,"column":17}},"18":{"start":{"line":61,"column":16},"end":{"line":82,"column":23}},"19":{"start":{"line":84,"column":16},"end":{"line":84,"column":22}},"20":{"start":{"line":88,"column":81},"end":{"line":88,"column":89}},"21":{"start":{"line":91,"column":16},"end":{"line":107,"column":17}},"22":{"start":{"line":93,"column":20},"end":{"line":105,"column":23}},"23":{"start":{"line":110,"column":49},"end":{"line":110,"column":133}},"24":{"start":{"line":112,"column":16},"end":{"line":116,"column":17}},"25":{"start":{"line":114,"column":20},"end":{"line":114,"column":83}},"26":{"start":{"line":119,"column":16},"end":{"line":119,"column":131}},"27":{"start":{"line":120,"column":16},"end":{"line":120,"column":127}},"28":{"start":{"line":123,"column":33},"end":{"line":134,"column":17}},"29":{"start":{"line":136,"column":16},"end":{"line":157,"column":23}},"30":{"start":{"line":159,"column":16},"end":{"line":159,"column":22}},"31":{"start":{"line":164,"column":80},"end":{"line":164,"column":88}},"32":{"start":{"line":167,"column":37},"end":{"line":167,"column":128}},"33":{"start":{"line":170,"column":31},"end":{"line":170,"column":51}},"34":{"start":{"line":173,"column":16},"end":{"line":182,"column":17}},"35":{"start":{"line":176,"column":20},"end":{"line":180,"column":23}},"36":{"start":{"line":185,"column":16},"end":{"line":212,"column":17}},"37":{"start":{"line":188,"column":43},"end":{"line":188,"column":76}},"38":{"start":{"line":191,"column":20},"end":{"line":191,"column":142}},"39":{"start":{"line":193,"column":45},"end":{"line":193,"column":173}},"40":{"start":{"line":195,"column":20},"end":{"line":201,"column":22}},"41":{"start":{"line":206,"column":20},"end":{"line":210,"column":23}},"42":{"start":{"line":214,"column":16},"end":{"line":214,"column":22}},"43":{"start":{"line":219,"column":74},"end":{"line":219,"column":82}},"44":{"start":{"line":222,"column":16},"end":{"line":231,"column":17}},"45":{"start":{"line":224,"column":20},"end":{"line":229,"column":23}},"46":{"start":{"line":234,"column":42},"end":{"line":234,"column":73}},"47":{"start":{"line":237,"column":16},"end":{"line":237,"column":255}},"48":{"start":{"line":239,"column":16},"end":{"line":244,"column":18}},"49":{"start":{"line":254,"column":8},"end":{"line":254,"column":57}},"50":{"start":{"line":255,"column":8},"end":{"line":255,"column":70}},"51":{"start":{"line":261,"column":0},"end":{"line":261,"column":24}}},"fnMap":{"0":{"name":"(anonymous_0)","decl":{"start":{"line":12,"column":32},"end":{"line":12,"column":33}},"loc":{"start":{"line":12,"column":51},"end":{"line":259,"column":1}},"line":12}},"branchMap":{"0":{"loc":{"start":{"line":20,"column":6},"end":{"line":249,"column":9}},"type":"switch","locations":[{"start":{"line":22,"column":10},"end":{"line":84,"column":22}},{"start":{"line":86,"column":12},"end":{"line":159,"column":22}},{"start":{"line":161,"column":12},"end":{"line":214,"column":22}},{"start":{"line":216,"column":12},"end":{"line":244,"column":18}}],"line":20},"1":{"loc":{"start":{"line":27,"column":16},"end":{"line":43,"column":17}},"type":"if","locations":[{"start":{"line":27,"column":16},"end":{"line":43,"column":17}},{"start":{},"end":{}}],"line":27},"2":{"loc":{"start":{"line":91,"column":16},"end":{"line":107,"column":17}},"type":"if","locations":[{"start":{"line":91,"column":16},"end":{"line":107,"column":17}},{"start":{},"end":{}}],"line":91},"3":{"loc":{"start":{"line":112,"column":16},"end":{"line":116,"column":17}},"type":"if","locations":[{"start":{"line":112,"column":16},"end":{"line":116,"column":17}},{"start":{},"end":{}}],"line":112},"4":{"loc":{"start":{"line":173,"column":16},"end":{"line":182,"column":17}},"type":"if","locations":[{"start":{"line":173,"column":16},"end":{"line":182,"column":17}},{"start":{},"end":{}}],"line":173},"5":{"loc":{"start":{"line":185,"column":16},"end":{"line":212,"column":17}},"type":"if","locations":[{"start":{"line":185,"column":16},"end":{"line":212,"column":17}},{"start":{"line":203,"column":23},"end":{"line":212,"column":17}}],"line":185},"6":{"loc":{"start":{"line":222,"column":16},"end":{"line":231,"column":17}},"type":"if","locations":[{"start":{"line":222,"column":16},"end":{"line":231,"column":17}},{"start":{},"end":{}}],"line":222}},"s":{"0":12,"1":12,"2":12,"3":12,"4":12,"5":12,"6":12,"7":12,"8":12,"9":12,"10":7,"11":7,"12":7,"13":2,"14":2,"15":1,"16":1,"17":1,"18":1,"19":1,"20":1,"21":1,"22":0,"23":1,"24":1,"25":0,"26":1,"27":1,"28":1,"29":1,"30":1,"31":2,"32":2,"33":2,"34":2,"35":0,"36":2,"37":1,"38":1,"39":1,"40":1,"41":1,"42":1,"43":2,"44":2,"45":1,"46":1,"47":1,"48":1,"49":0,"50":0,"51":12},"f":{"0":7},"b":{"0":[2,1,2,2],"1":[1,1],"2":[0,1],"3":[0,1],"4":[0,2],"5":[1,1],"6":[1,1]},"_coverageSchema":"1a1c01bbd47fc00a2c39e90264f33305004495a9","hash":"4eab8d68a68f453776a4c0218ccab6fcd11378cd"}
,"/app/routes/api/modificaProdotto.js": {"path":"/app/routes/api/modificaProdotto.js","statementMap":{"0":{"start":{"line":1,"column":16},"end":{"line":1,"column":34}},"1":{"start":{"line":2,"column":15},"end":{"line":2,"column":31}},"2":{"start":{"line":3,"column":22},"end":{"line":3,"column":63}},"3":{"start":{"line":4,"column":22},"end":{"line":4,"column":63}},"4":{"start":{"line":5,"column":13},"end":{"line":5,"column":35}},"5":{"start":{"line":7,"column":0},"end":{"line":34,"column":2}},"6":{"start":{"line":9,"column":4},"end":{"line":32,"column":5}},"7":{"start":{"line":11,"column":58},"end":{"line":11,"column":66}},"8":{"start":{"line":13,"column":8},"end":{"line":13,"column":199}},"9":{"start":{"line":15,"column":8},"end":{"line":20,"column":10}},"10":{"start":{"line":24,"column":8},"end":{"line":24,"column":72}},"11":{"start":{"line":25,"column":8},"end":{"line":30,"column":10}},"12":{"start":{"line":36,"column":0},"end":{"line":36,"column":24}}},"fnMap":{"0":{"name":"(anonymous_0)","decl":{"start":{"line":7,"column":60},"end":{"line":7,"column":61}},"loc":{"start":{"line":7,"column":79},"end":{"line":34,"column":1}},"line":7}},"branchMap":{},"s":{"0":12,"1":12,"2":12,"3":12,"4":12,"5":12,"6":0,"7":0,"8":0,"9":0,"10":0,"11":0,"12":12},"f":{"0":0},"b":{},"_coverageSchema":"1a1c01bbd47fc00a2c39e90264f33305004495a9","hash":"8515ccef6e402748d4a3e27e2a3d02a185a0866e"}
,"/app/routes/api/ordineSpedito.js": {"path":"/app/routes/api/ordineSpedito.js","statementMap":{"0":{"start":{"line":1,"column":16},"end":{"line":1,"column":34}},"1":{"start":{"line":2,"column":15},"end":{"line":2,"column":31}},"2":{"start":{"line":3,"column":22},"end":{"line":3,"column":63}},"3":{"start":{"line":4,"column":22},"end":{"line":4,"column":63}},"4":{"start":{"line":5,"column":13},"end":{"line":5,"column":35}},"5":{"start":{"line":7,"column":0},"end":{"line":58,"column":3}},"6":{"start":{"line":9,"column":4},"end":{"line":56,"column":5}},"7":{"start":{"line":11,"column":23},"end":{"line":11,"column":31}},"8":{"start":{"line":13,"column":30},"end":{"line":13,"column":127}},"9":{"start":{"line":14,"column":29},"end":{"line":14,"column":131}},"10":{"start":{"line":17,"column":8},"end":{"line":26,"column":9}},"11":{"start":{"line":19,"column":12},"end":{"line":24,"column":15}},"12":{"start":{"line":28,"column":25},"end":{"line":28,"column":58}},"13":{"start":{"line":30,"column":32},"end":{"line":30,"column":120}},"14":{"start":{"line":32,"column":8},"end":{"line":36,"column":9}},"15":{"start":{"line":34,"column":12},"end":{"line":34,"column":85}},"16":{"start":{"line":38,"column":8},"end":{"line":44,"column":10}},"17":{"start":{"line":48,"column":8},"end":{"line":48,"column":72}},"18":{"start":{"line":49,"column":8},"end":{"line":54,"column":10}},"19":{"start":{"line":60,"column":0},"end":{"line":60,"column":24}}},"fnMap":{"0":{"name":"(anonymous_0)","decl":{"start":{"line":7,"column":60},"end":{"line":7,"column":61}},"loc":{"start":{"line":7,"column":79},"end":{"line":58,"column":1}},"line":7}},"branchMap":{"0":{"loc":{"start":{"line":17,"column":8},"end":{"line":26,"column":9}},"type":"if","locations":[{"start":{"line":17,"column":8},"end":{"line":26,"column":9}},{"start":{},"end":{}}],"line":17},"1":{"loc":{"start":{"line":32,"column":8},"end":{"line":36,"column":9}},"type":"if","locations":[{"start":{"line":32,"column":8},"end":{"line":36,"column":9}},{"start":{},"end":{}}],"line":32}},"s":{"0":12,"1":12,"2":12,"3":12,"4":12,"5":12,"6":2,"7":2,"8":2,"9":2,"10":2,"11":1,"12":1,"13":1,"14":1,"15":1,"16":1,"17":0,"18":0,"19":12},"f":{"0":2},"b":{"0":[1,1],"1":[1,0]},"_coverageSchema":"1a1c01bbd47fc00a2c39e90264f33305004495a9","hash":"f03c16ec16da3d51153b8c671347d898f5150f63"}
,"/app/routes/api/registrazione.js": {"path":"/app/routes/api/registrazione.js","statementMap":{"0":{"start":{"line":1,"column":16},"end":{"line":1,"column":34}},"1":{"start":{"line":2,"column":15},"end":{"line":2,"column":31}},"2":{"start":{"line":3,"column":13},"end":{"line":3,"column":35}},"3":{"start":{"line":4,"column":12},"end":{"line":4,"column":35}},"4":{"start":{"line":5,"column":45},"end":{"line":5,"column":76}},"5":{"start":{"line":6,"column":0},"end":{"line":6,"column":27}},"6":{"start":{"line":8,"column":19},"end":{"line":8,"column":41}},"7":{"start":{"line":10,"column":0},"end":{"line":102,"column":3}},"8":{"start":{"line":12,"column":143},"end":{"line":12,"column":151}},"9":{"start":{"line":14,"column":4},"end":{"line":23,"column":5}},"10":{"start":{"line":16,"column":8},"end":{"line":21,"column":11}},"11":{"start":{"line":26,"column":4},"end":{"line":35,"column":5}},"12":{"start":{"line":28,"column":8},"end":{"line":33,"column":11}},"13":{"start":{"line":38,"column":4},"end":{"line":100,"column":5}},"14":{"start":{"line":41,"column":31},"end":{"line":41,"column":59}},"15":{"start":{"line":42,"column":34},"end":{"line":42,"column":65}},"16":{"start":{"line":43,"column":40},"end":{"line":43,"column":77}},"17":{"start":{"line":46,"column":8},"end":{"line":46,"column":178}},"18":{"start":{"line":49,"column":8},"end":{"line":49,"column":153}},"19":{"start":{"line":52,"column":22},"end":{"line":63,"column":9}},"20":{"start":{"line":65,"column":8},"end":{"line":88,"column":15}},"21":{"start":{"line":92,"column":8},"end":{"line":92,"column":63}},"22":{"start":{"line":93,"column":8},"end":{"line":98,"column":11}},"23":{"start":{"line":104,"column":0},"end":{"line":104,"column":24}}},"fnMap":{"0":{"name":"(anonymous_0)","decl":{"start":{"line":10,"column":17},"end":{"line":10,"column":18}},"loc":{"start":{"line":10,"column":36},"end":{"line":102,"column":1}},"line":10}},"branchMap":{"0":{"loc":{"start":{"line":14,"column":4},"end":{"line":23,"column":5}},"type":"if","locations":[{"start":{"line":14,"column":4},"end":{"line":23,"column":5}},{"start":{},"end":{}}],"line":14},"1":{"loc":{"start":{"line":26,"column":4},"end":{"line":35,"column":5}},"type":"if","locations":[{"start":{"line":26,"column":4},"end":{"line":35,"column":5}},{"start":{},"end":{}}],"line":26}},"s":{"0":12,"1":12,"2":12,"3":12,"4":12,"5":12,"6":12,"7":12,"8":18,"9":18,"10":1,"11":17,"12":1,"13":16,"14":16,"15":16,"16":16,"17":16,"18":16,"19":16,"20":16,"21":0,"22":0,"23":12},"f":{"0":18},"b":{"0":[1,17],"1":[1,16]},"_coverageSchema":"1a1c01bbd47fc00a2c39e90264f33305004495a9","hash":"94e68b2d695fbad7c8540131976770b982a5b5b1"}
,"/app/routes/api/verificaTokenPagine.js": {"path":"/app/routes/api/verificaTokenPagine.js","statementMap":{"0":{"start":{"line":1,"column":16},"end":{"line":1,"column":34}},"1":{"start":{"line":2,"column":15},"end":{"line":2,"column":31}},"2":{"start":{"line":3,"column":22},"end":{"line":3,"column":63}},"3":{"start":{"line":5,"column":0},"end":{"line":14,"column":3}},"4":{"start":{"line":7,"column":4},"end":{"line":12,"column":7}},"5":{"start":{"line":16,"column":0},"end":{"line":16,"column":24}}},"fnMap":{"0":{"name":"(anonymous_0)","decl":{"start":{"line":5,"column":31},"end":{"line":5,"column":32}},"loc":{"start":{"line":5,"column":45},"end":{"line":14,"column":1}},"line":5}},"branchMap":{},"s":{"0":12,"1":12,"2":12,"3":12,"4":1,"5":12},"f":{"0":1},"b":{},"_coverageSchema":"1a1c01bbd47fc00a2c39e90264f33305004495a9","hash":"7164893bcaa8ef288b637b350d5d2aa9efebfa7f"}
,"/app/utils/funzioni.js": {"path":"/app/utils/funzioni.js","statementMap":{"0":{"start":{"line":1,"column":15},"end":{"line":1,"column":32}},"1":{"start":{"line":6,"column":23},"end":{"line":6,"column":25}},"2":{"start":{"line":8,"column":4},"end":{"line":21,"column":5}},"3":{"start":{"line":11,"column":21},"end":{"line":11,"column":53}},"4":{"start":{"line":13,"column":21},"end":{"line":13,"column":54}},"5":{"start":{"line":15,"column":8},"end":{"line":15,"column":20}},"6":{"start":{"line":19,"column":8},"end":{"line":19,"column":69}},"7":{"start":{"line":30,"column":25},"end":{"line":30,"column":55}},"8":{"start":{"line":32,"column":16},"end":{"line":32,"column":17}},"9":{"start":{"line":33,"column":17},"end":{"line":33,"column":22}},"10":{"start":{"line":36,"column":4},"end":{"line":50,"column":5}},"11":{"start":{"line":36,"column":17},"end":{"line":36,"column":40}},"12":{"start":{"line":38,"column":20},"end":{"line":38,"column":49}},"13":{"start":{"line":40,"column":8},"end":{"line":45,"column":9}},"14":{"start":{"line":42,"column":12},"end":{"line":42,"column":23}},"15":{"start":{"line":43,"column":12},"end":{"line":43,"column":38}},"16":{"start":{"line":43,"column":27},"end":{"line":43,"column":38}},"17":{"start":{"line":47,"column":8},"end":{"line":47,"column":23}},"18":{"start":{"line":48,"column":8},"end":{"line":48,"column":25}},"19":{"start":{"line":53,"column":4},"end":{"line":53,"column":28}},"20":{"start":{"line":57,"column":0},"end":{"line":57,"column":54}}},"fnMap":{"0":{"name":"hashPassword","decl":{"start":{"line":3,"column":15},"end":{"line":3,"column":27}},"loc":{"start":{"line":3,"column":38},"end":{"line":24,"column":1}},"line":3},"1":{"name":"validaCartaConLuhn","decl":{"start":{"line":27,"column":9},"end":{"line":27,"column":27}},"loc":{"start":{"line":27,"column":41},"end":{"line":55,"column":1}},"line":27}},"branchMap":{"0":{"loc":{"start":{"line":40,"column":8},"end":{"line":45,"column":9}},"type":"if","locations":[{"start":{"line":40,"column":8},"end":{"line":45,"column":9}},{"start":{},"end":{}}],"line":40},"1":{"loc":{"start":{"line":43,"column":12},"end":{"line":43,"column":38}},"type":"if","locations":[{"start":{"line":43,"column":12},"end":{"line":43,"column":38}},{"start":{},"end":{}}],"line":43}},"s":{"0":12,"1":50,"2":50,"3":50,"4":50,"5":50,"6":0,"7":19,"8":19,"9":19,"10":19,"11":19,"12":301,"13":301,"14":150,"15":150,"16":82,"17":301,"18":301,"19":19,"20":12},"f":{"0":50,"1":19},"b":{"0":[150,151],"1":[82,68]},"_coverageSchema":"1a1c01bbd47fc00a2c39e90264f33305004495a9","hash":"0977b935b19c2cac22504910eb1d7d0185d04ef4"}
}
