TN:
SF:app.js
FN:40,(anonymous_0)
FN:92,(anonymous_1)
FN:101,(anonymous_2)
FNF:3
FNH:2
FNDA:11,(anonymous_0)
FNDA:0,(anonymous_1)
FNDA:1,(anonymous_2)
DA:1,12
DA:2,12
DA:3,12
DA:4,12
DA:5,12
DA:6,12
DA:9,12
DA:10,12
DA:11,12
DA:12,12
DA:13,12
DA:14,12
DA:15,12
DA:16,12
DA:17,12
DA:18,12
DA:19,12
DA:25,12
DA:28,12
DA:36,12
DA:40,12
DA:42,11
DA:44,0
DA:48,11
DA:56,12
DA:59,12
DA:62,12
DA:65,12
DA:68,12
DA:71,12
DA:74,12
DA:77,12
DA:80,12
DA:83,12
DA:86,12
DA:89,12
DA:93,0
DA:98,12
DA:101,12
DA:103,12
LF:40
LH:38
BRDA:42,0,0,0
BRDA:42,0,1,11
BRF:2
BRH:1
end_of_record
TN:
SF:db/db.js
FN:31,connectWithRetry
FN:57,(anonymous_1)
FN:72,(anonymous_2)
FNF:3
FNH:2
FNDA:12,connectWithRetry
FNDA:0,(anonymous_1)
FNDA:144,(anonymous_2)
DA:15,12
DA:16,12
DA:18,12
DA:28,12
DA:33,12
DA:35,12
DA:38,12
DA:39,11
DA:40,11
DA:46,0
DA:48,0
DA:53,0
DA:57,0
DA:64,0
DA:69,12
DA:71,12
DA:73,144
DA:74,143
LF:18
LH:13
BRDA:31,0,0,12
BRDA:46,1,0,0
BRDA:46,1,1,0
BRF:3
BRH:1
end_of_record
TN:
SF:middleware/verificaRuolo.js
FN:1,verificaRuolo
FN:3,(anonymous_1)
FNF:2
FNH:2
FNDA:72,verificaRuolo
FNDA:12,(anonymous_1)
DA:3,72
DA:5,12
DA:7,0
DA:15,12
DA:21,12
LF:5
LH:4
BRDA:5,0,0,0
BRDA:5,0,1,12
BRDA:5,1,0,12
BRDA:5,1,1,12
BRF:4
BRH:3
end_of_record
TN:
SF:middleware/verificaToken.js
FN:4,verificaToken
FNF:1
FNH:1
FNDA:24,verificaToken
DA:1,12
DA:2,12
DA:7,24
DA:14,24
DA:16,0
DA:24,24
DA:26,24
DA:27,24
DA:29,24
DA:33,0
DA:42,12
LF:11
LH:9
BRDA:14,0,0,0
BRDA:14,0,1,24
BRF:2
BRH:1
end_of_record
TN:
SF:routes/api/confermaOrdine.js
FN:7,(anonymous_0)
FNF:1
FNH:1
FNDA:3,(anonymous_0)
DA:1,12
DA:2,12
DA:3,12
DA:4,12
DA:5,12
DA:7,12
DA:9,3
DA:11,3
DA:13,3
DA:14,3
DA:16,3
DA:18,3
DA:19,3
DA:21,3
DA:23,3
DA:26,0
DA:32,3
DA:42,0
DA:43,0
DA:56,12
LF:20
LH:17
BRDA:23,0,0,0
BRDA:23,0,1,3
BRDA:23,1,0,3
BRDA:23,1,1,3
BRF:4
BRH:3
end_of_record
TN:
SF:routes/api/creaProdotto.js
FN:12,(anonymous_0)
FN:17,(anonymous_1)
FN:29,(anonymous_2)
FNF:3
FNH:3
FNDA:5,(anonymous_0)
FNDA:5,(anonymous_1)
FNDA:5,(anonymous_2)
DA:1,12
DA:2,12
DA:3,12
DA:4,12
DA:5,12
DA:6,12
DA:7,12
DA:10,12
DA:14,5
DA:19,5
DA:20,5
DA:26,12
DA:29,12
DA:31,5
DA:33,5
DA:34,5
DA:36,5
DA:38,5
DA:47,0
DA:48,0
DA:60,12
LF:21
LH:19
BRF:0
BRH:0
end_of_record
TN:
SF:routes/api/elencoArtigiani.js
FN:7,(anonymous_0)
FNF:1
FNH:1
FNDA:1,(anonymous_0)
DA:1,12
DA:2,12
DA:3,12
DA:4,12
DA:5,12
DA:7,12
DA:9,1
DA:11,1
DA:13,1
DA:23,0
DA:24,0
DA:35,12
LF:12
LH:10
BRF:0
BRH:0
end_of_record
TN:
SF:routes/api/elencoOrdini.js
FN:7,(anonymous_0)
FNF:1
FNH:1
FNDA:1,(anonymous_0)
DA:1,12
DA:2,12
DA:3,12
DA:4,12
DA:5,12
DA:7,12
DA:9,1
DA:11,1
DA:13,1
DA:22,0
DA:23,0
DA:34,12
LF:12
LH:10
BRF:0
BRH:0
end_of_record
TN:
SF:routes/api/elencoProdotti.js
FN:6,(anonymous_0)
FNF:1
FNH:1
FNDA:4,(anonymous_0)
DA:1,12
DA:2,12
DA:3,12
DA:4,12
DA:6,12
DA:8,4
DA:10,4
DA:12,4
DA:16,1
DA:18,1
DA:25,1
DA:30,1
DA:32,1
DA:34,1
DA:41,1
DA:45,1
DA:47,1
DA:52,1
DA:54,1
DA:55,1
DA:59,1
DA:60,1
DA:61,1
DA:63,1
DA:65,1
DA:66,1
DA:70,1
DA:72,1
DA:73,1
DA:77,1
DA:79,1
DA:80,1
DA:84,1
DA:86,1
DA:87,1
DA:91,1
DA:93,1
DA:94,1
DA:103,0
DA:104,0
DA:113,1
DA:117,1
DA:119,1
DA:131,0
DA:132,0
DA:143,12
LF:46
LH:42
BRDA:12,0,0,1
BRDA:12,0,1,1
BRDA:12,0,2,1
BRDA:12,0,3,1
BRDA:52,1,0,1
BRDA:52,1,1,0
BRDA:63,2,0,1
BRDA:63,2,1,0
BRDA:70,3,0,1
BRDA:70,3,1,0
BRDA:77,4,0,1
BRDA:77,4,1,0
BRDA:84,5,0,1
BRDA:84,5,1,0
BRF:14
BRH:9
end_of_record
TN:
SF:routes/api/login.js
FN:11,(anonymous_0)
FNF:1
FNH:1
FNDA:15,(anonymous_0)
DA:1,12
DA:2,12
DA:3,12
DA:4,12
DA:5,12
DA:6,12
DA:9,12
DA:11,12
DA:14,15
DA:16,15
DA:19,15
DA:22,15
DA:25,15
DA:27,1
DA:32,14
DA:35,13
DA:48,13
DA:74,1
DA:80,0
DA:81,0
DA:88,12
LF:21
LH:19
BRDA:25,0,0,1
BRDA:25,0,1,14
BRDA:32,1,0,13
BRDA:32,1,1,1
BRF:4
BRH:4
end_of_record
TN:
SF:routes/api/modifica.js
FN:12,(anonymous_0)
FNF:1
FNH:1
FNDA:7,(anonymous_0)
DA:1,12
DA:2,12
DA:3,12
DA:4,12
DA:5,12
DA:6,12
DA:7,12
DA:8,12
DA:10,12
DA:12,12
DA:16,7
DA:18,7
DA:20,7
DA:24,2
DA:27,2
DA:29,1
DA:45,1
DA:48,1
DA:61,1
DA:84,1
DA:88,1
DA:91,1
DA:93,0
DA:110,1
DA:112,1
DA:114,0
DA:119,1
DA:120,1
DA:123,1
DA:136,1
DA:159,1
DA:164,2
DA:167,2
DA:170,2
DA:173,2
DA:176,0
DA:185,2
DA:188,1
DA:191,1
DA:193,1
DA:195,1
DA:206,1
DA:214,1
DA:219,2
DA:222,2
DA:224,1
DA:234,1
DA:237,1
DA:239,1
DA:254,0
DA:255,0
DA:261,12
LF:52
LH:47
BRDA:20,0,0,2
BRDA:20,0,1,1
BRDA:20,0,2,2
BRDA:20,0,3,2
BRDA:27,1,0,1
BRDA:27,1,1,1
BRDA:91,2,0,0
BRDA:91,2,1,1
BRDA:112,3,0,0
BRDA:112,3,1,1
BRDA:173,4,0,0
BRDA:173,4,1,2
BRDA:185,5,0,1
BRDA:185,5,1,1
BRDA:222,6,0,1
BRDA:222,6,1,1
BRF:16
BRH:13
end_of_record
TN:
SF:routes/api/modificaProdotto.js
FN:7,(anonymous_0)
FNF:1
FNH:0
FNDA:0,(anonymous_0)
DA:1,12
DA:2,12
DA:3,12
DA:4,12
DA:5,12
DA:7,12
DA:9,0
DA:11,0
DA:13,0
DA:15,0
DA:24,0
DA:25,0
DA:36,12
LF:13
LH:7
BRF:0
BRH:0
end_of_record
TN:
SF:routes/api/ordineSpedito.js
FN:7,(anonymous_0)
FNF:1
FNH:1
FNDA:2,(anonymous_0)
DA:1,12
DA:2,12
DA:3,12
DA:4,12
DA:5,12
DA:7,12
DA:9,2
DA:11,2
DA:13,2
DA:14,2
DA:17,2
DA:19,1
DA:28,1
DA:30,1
DA:32,1
DA:34,1
DA:38,1
DA:48,0
DA:49,0
DA:60,12
LF:20
LH:18
BRDA:17,0,0,1
BRDA:17,0,1,1
BRDA:32,1,0,1
BRDA:32,1,1,0
BRF:4
BRH:3
end_of_record
TN:
SF:routes/api/registrazione.js
FN:10,(anonymous_0)
FNF:1
FNH:1
FNDA:18,(anonymous_0)
DA:1,12
DA:2,12
DA:3,12
DA:4,12
DA:5,12
DA:6,12
DA:8,12
DA:10,12
DA:12,18
DA:14,18
DA:16,1
DA:26,17
DA:28,1
DA:38,16
DA:41,16
DA:42,16
DA:43,16
DA:46,16
DA:49,16
DA:52,16
DA:65,16
DA:92,0
DA:93,0
DA:104,12
LF:24
LH:22
BRDA:14,0,0,1
BRDA:14,0,1,17
BRDA:26,1,0,1
BRDA:26,1,1,16
BRF:4
BRH:4
end_of_record
TN:
SF:routes/api/verificaTokenPagine.js
FN:5,(anonymous_0)
FNF:1
FNH:1
FNDA:1,(anonymous_0)
DA:1,12
DA:2,12
DA:3,12
DA:5,12
DA:7,1
DA:16,12
LF:6
LH:6
BRF:0
BRH:0
end_of_record
TN:
SF:utils/funzioni.js
FN:3,hashPassword
FN:27,validaCartaConLuhn
FNF:2
FNH:2
FNDA:50,hashPassword
FNDA:19,validaCartaConLuhn
DA:1,12
DA:6,50
DA:8,50
DA:11,50
DA:13,50
DA:15,50
DA:19,0
DA:30,19
DA:32,19
DA:33,19
DA:36,19
DA:38,301
DA:40,301
DA:42,150
DA:43,150
DA:47,301
DA:48,301
DA:53,19
DA:57,12
LF:19
LH:18
BRDA:40,0,0,150
BRDA:40,0,1,151
BRDA:43,1,0,82
BRDA:43,1,1,68
BRF:4
BRH:4
end_of_record
